<?xml version="1.0" encoding="UTF-8"?>
<!-- Generated by org.testng.reporters.JUnitXMLReporter -->
<testsuite ignored="0" hostname="DESKTOP-P2B97J9" failures="1" tests="1" name="Default test" time="25.69" errors="0" timestamp="2022-05-02T17:12:56 IST">
  <testcase classname="io.cucumber.testng.AbstractTestNGCucumberTests" name="runScenario" time="24.876">
    <failure type="java.lang.AssertionError" message="expected [true] but found [false]">
      <![CDATA[java.lang.AssertionError: expected [true] but found [false]
at org.testng.Assert.fail(Assert.java:97)
at org.testng.Assert.failNotEquals(Assert.java:969)
at org.testng.Assert.assertTrue(Assert.java:43)
at org.testng.Assert.assertTrue(Assert.java:53)
at com.uitesting.stepdefintions.CustomerTestSteps.user_dashboard_url_of_should_be(CustomerTestSteps.java:79)
at ✽.user dashboard url of should be 'https://www.phptravels.net/account/dashboard'(file:///D:/eclipse-java-2022-03%20workspace/ui_t5/src/test/resources/features/Customer.feature:31)
]]>
    </failure>
  </testcase> <!-- runScenario -->
</testsuite> <!-- Default test -->
