<?xml version="1.0" encoding="UTF-8"?>
<testng-results ignored="0" total="49" passed="44" failed="5" skipped="0">
  <reporter-output>
  </reporter-output>
  <suite started-at="2022-05-05T15:41:02 IST" name="Suite" finished-at="2022-05-05T16:02:39 IST" duration-ms="1297625">
    <groups>
      <group name="cucumber">
        <method signature="AbstractTestNGCucumberTests.runScenario(io.cucumber.testng.PickleWrapper, io.cucumber.testng.FeatureWrapper)[pri:0, instance:com.uitesting.runner.TestRunner@2a54a73f]" name="runScenario" class="io.cucumber.testng.AbstractTestNGCucumberTests"/>
      </group> <!-- cucumber -->
    </groups>
    <test started-at="2022-05-05T15:41:02 IST" name="Test" finished-at="2022-05-05T16:02:39 IST" duration-ms="1297625">
      <class name="com.uitesting.runner.TestRunner">
        <test-method is-config="true" signature="setUpClass()[pri:0, instance:com.uitesting.runner.TestRunner@2a54a73f]" started-at="2022-05-05T15:41:02 IST" name="setUpClass" finished-at="2022-05-05T15:41:02 IST" duration-ms="563" status="PASS">
          <reporter-output>
          </reporter-output>
        </test-method> <!-- setUpClass -->
        <test-method signature="runScenario(io.cucumber.testng.PickleWrapper, io.cucumber.testng.FeatureWrapper)[pri:0, instance:com.uitesting.runner.TestRunner@2a54a73f]" started-at="2022-05-05T15:41:02 IST" name="runScenario" description="Runs Cucumber Scenarios" data-provider="scenarios" finished-at="2022-05-05T15:43:19 IST" duration-ms="136548" status="FAIL">
          <params>
            <param index="0">
              <value>
                <![CDATA["verify Admin login Page title"]]>
              </value>
            </param>
            <param index="1">
              <value>
                <![CDATA["Admin Back End"]]>
              </value>
            </param>
          </params>
          <exception class="java.lang.AssertionError">
            <message>
              <![CDATA[expected [https://www.phptravels.net/api/admin] but found [null]]]>
            </message>
            <full-stacktrace>
              <![CDATA[java.lang.AssertionError: expected [https://www.phptravels.net/api/admin] but found [null]
at org.testng.Assert.fail(Assert.java:97)
at org.testng.Assert.failNotEquals(Assert.java:969)
at org.testng.Assert.assertEqualsImpl(Assert.java:131)
at org.testng.Assert.assertEquals(Assert.java:118)
at org.testng.Assert.assertEquals(Assert.java:575)
at org.testng.Assert.assertEquals(Assert.java:585)
at com.uitesting.stepdefintions.AdminTestSteps.check_admin_login_page_url_should_be(AdminTestSteps.java:36)
at ✽.check admin login page url should be 'https://www.phptravels.net/api/admin'(file:///D:/eclipse-java-2022-03%20workspace/ui_t5/src/test/resources/features/Admin.feature:8)
]]>
            </full-stacktrace>
          </exception> <!-- java.lang.AssertionError -->
          <reporter-output>
          </reporter-output>
        </test-method> <!-- runScenario -->
        <test-method signature="runScenario(io.cucumber.testng.PickleWrapper, io.cucumber.testng.FeatureWrapper)[pri:0, instance:com.uitesting.runner.TestRunner@2a54a73f]" started-at="2022-05-05T15:43:19 IST" name="runScenario" description="Runs Cucumber Scenarios" data-provider="scenarios" finished-at="2022-05-05T15:43:52 IST" duration-ms="32523" status="PASS">
          <params>
            <param index="0">
              <value>
                <![CDATA["verify Admin invalid login without credential"]]>
              </value>
            </param>
            <param index="1">
              <value>
                <![CDATA["Admin Back End"]]>
              </value>
            </param>
          </params>
          <reporter-output>
          </reporter-output>
        </test-method> <!-- runScenario -->
        <test-method signature="runScenario(io.cucumber.testng.PickleWrapper, io.cucumber.testng.FeatureWrapper)[pri:0, instance:com.uitesting.runner.TestRunner@2a54a73f]" started-at="2022-05-05T15:43:52 IST" name="runScenario" description="Runs Cucumber Scenarios" data-provider="scenarios" finished-at="2022-05-05T15:44:13 IST" duration-ms="21236" status="PASS">
          <params>
            <param index="0">
              <value>
                <![CDATA["Admin invalid login"]]>
              </value>
            </param>
            <param index="1">
              <value>
                <![CDATA["Admin Back End"]]>
              </value>
            </param>
          </params>
          <reporter-output>
          </reporter-output>
        </test-method> <!-- runScenario -->
        <test-method signature="runScenario(io.cucumber.testng.PickleWrapper, io.cucumber.testng.FeatureWrapper)[pri:0, instance:com.uitesting.runner.TestRunner@2a54a73f]" started-at="2022-05-05T15:44:13 IST" name="runScenario" description="Runs Cucumber Scenarios" data-provider="scenarios" finished-at="2022-05-05T15:44:31 IST" duration-ms="18077" status="PASS">
          <params>
            <param index="0">
              <value>
                <![CDATA["Admin invalid login with invalid credential"]]>
              </value>
            </param>
            <param index="1">
              <value>
                <![CDATA["Admin Back End"]]>
              </value>
            </param>
          </params>
          <reporter-output>
          </reporter-output>
        </test-method> <!-- runScenario -->
        <test-method signature="runScenario(io.cucumber.testng.PickleWrapper, io.cucumber.testng.FeatureWrapper)[pri:0, instance:com.uitesting.runner.TestRunner@2a54a73f]" started-at="2022-05-05T15:44:31 IST" name="runScenario" description="Runs Cucumber Scenarios" data-provider="scenarios" finished-at="2022-05-05T15:44:49 IST" duration-ms="17871" status="PASS">
          <params>
            <param index="0">
              <value>
                <![CDATA["Admin invalid login with invalid password"]]>
              </value>
            </param>
            <param index="1">
              <value>
                <![CDATA["Admin Back End"]]>
              </value>
            </param>
          </params>
          <reporter-output>
          </reporter-output>
        </test-method> <!-- runScenario -->
        <test-method signature="runScenario(io.cucumber.testng.PickleWrapper, io.cucumber.testng.FeatureWrapper)[pri:0, instance:com.uitesting.runner.TestRunner@2a54a73f]" started-at="2022-05-05T15:44:49 IST" name="runScenario" description="Runs Cucumber Scenarios" data-provider="scenarios" finished-at="2022-05-05T15:45:12 IST" duration-ms="23111" status="PASS">
          <params>
            <param index="0">
              <value>
                <![CDATA["Admin valid login"]]>
              </value>
            </param>
            <param index="1">
              <value>
                <![CDATA["Admin Back End"]]>
              </value>
            </param>
          </params>
          <reporter-output>
          </reporter-output>
        </test-method> <!-- runScenario -->
        <test-method signature="runScenario(io.cucumber.testng.PickleWrapper, io.cucumber.testng.FeatureWrapper)[pri:0, instance:com.uitesting.runner.TestRunner@2a54a73f]" started-at="2022-05-05T15:45:12 IST" name="runScenario" description="Runs Cucumber Scenarios" data-provider="scenarios" finished-at="2022-05-05T15:45:45 IST" duration-ms="33258" status="PASS">
          <params>
            <param index="0">
              <value>
                <![CDATA["Website link"]]>
              </value>
            </param>
            <param index="1">
              <value>
                <![CDATA["Admin Back End"]]>
              </value>
            </param>
          </params>
          <reporter-output>
          </reporter-output>
        </test-method> <!-- runScenario -->
        <test-method signature="runScenario(io.cucumber.testng.PickleWrapper, io.cucumber.testng.FeatureWrapper)[pri:0, instance:com.uitesting.runner.TestRunner@2a54a73f]" started-at="2022-05-05T15:45:45 IST" name="runScenario" description="Runs Cucumber Scenarios" data-provider="scenarios" finished-at="2022-05-05T15:46:17 IST" duration-ms="31740" status="PASS">
          <params>
            <param index="0">
              <value>
                <![CDATA["Bookings link"]]>
              </value>
            </param>
            <param index="1">
              <value>
                <![CDATA["Admin Back End"]]>
              </value>
            </param>
          </params>
          <reporter-output>
          </reporter-output>
        </test-method> <!-- runScenario -->
        <test-method signature="runScenario(io.cucumber.testng.PickleWrapper, io.cucumber.testng.FeatureWrapper)[pri:0, instance:com.uitesting.runner.TestRunner@2a54a73f]" started-at="2022-05-05T15:46:17 IST" name="runScenario" description="Runs Cucumber Scenarios" data-provider="scenarios" finished-at="2022-05-05T15:48:06 IST" duration-ms="108764" status="FAIL">
          <params>
            <param index="0">
              <value>
                <![CDATA["Booking status"]]>
              </value>
            </param>
            <param index="1">
              <value>
                <![CDATA["Admin Back End"]]>
              </value>
            </param>
          </params>
          <exception class="org.openqa.selenium.TimeoutException">
            <message>
              <![CDATA[Expected condition failed: waiting for visibility of element located by By.xpath: //h1[contains(text(),'Dashboard')] (tried for 10 second(s) with 500 milliseconds interval)]]>
            </message>
            <full-stacktrace>
              <![CDATA[org.openqa.selenium.TimeoutException: Expected condition failed: waiting for visibility of element located by By.xpath: //h1[contains(text(),'Dashboard')] (tried for 10 second(s) with 500 milliseconds interval)
at org.openqa.selenium.support.ui.WebDriverWait.timeoutException(WebDriverWait.java:95)
at org.openqa.selenium.support.ui.FluentWait.until(FluentWait.java:272)
at com.uitesting.util.PageUtil.explicitlyWait(PageUtil.java:79)
at com.uitesting.pages.AdminBookingsPage.clickOnDahboard(AdminBookingsPage.java:104)
at com.uitesting.stepdefintions.AdminTestSteps.the_count_on_booking_status_pending_is_less_by_one_compare_with_previous_count(AdminTestSteps.java:147)
at ✽.the count on booking status pending is less by one compare with previous count(file:///D:/eclipse-java-2022-03%20workspace/ui_t5/src/test/resources/features/Admin.feature:107)
Caused by: org.openqa.selenium.NoSuchElementException: no such element: Unable to locate element: {"method":"xpath","selector":"//h1[contains(text(),'Dashboard')]"}
  (Session info: chrome=100.0.4896.127)
For documentation on this error, please visit: https://www.seleniumhq.org/exceptions/no_such_element.html
Build info: version: '3.141.59', revision: 'e82be7d358', time: '2018-11-14T08:17:03'
System info: host: 'DESKTOP-P2B97J9', ip: '192.168.1.14', os.name: 'Windows 10', os.arch: 'amd64', os.version: '10.0', java.version: '17.0.2'
Driver info: org.openqa.selenium.chrome.ChromeDriver
Capabilities {acceptInsecureCerts: false, browserName: chrome, browserVersion: 100.0.4896.127, chrome: {chromedriverVersion: 100.0.4896.60 (6a5d10861ce8..., userDataDir: C:\Users\DELL\AppData\Local...}, goog:chromeOptions: {debuggerAddress: localhost:59736}, javascriptEnabled: true, networkConnectionEnabled: false, pageLoadStrategy: normal, platform: WINDOWS, platformName: WINDOWS, proxy: Proxy(), setWindowRect: true, strictFileInteractability: false, timeouts: {implicit: 0, pageLoad: 300000, script: 30000}, unhandledPromptBehavior: dismiss and notify, webauthn:extension:credBlob: true, webauthn:extension:largeBlob: true, webauthn:virtualAuthenticators: true}
Session ID: 3b17b23ec5ea87b21ca0633802cf144e
*** Element info: {Using=xpath, value=//h1[contains(text(),'Dashboard')]}
at java.base/jdk.internal.reflect.NativeConstructorAccessorImpl.newInstance0(Native Method)
at java.base/jdk.internal.reflect.NativeConstructorAccessorImpl.newInstance(NativeConstructorAccessorImpl.java:77)
at java.base/jdk.internal.reflect.DelegatingConstructorAccessorImpl.newInstance(DelegatingConstructorAccessorImpl.java:45)
at java.base/java.lang.reflect.Constructor.newInstanceWithCaller(Constructor.java:499)
at java.base/java.lang.reflect.Constructor.newInstance(Constructor.java:480)
at org.openqa.selenium.remote.http.W3CHttpResponseCodec.createException(W3CHttpResponseCodec.java:187)
at org.openqa.selenium.remote.http.W3CHttpResponseCodec.decode(W3CHttpResponseCodec.java:122)
at org.openqa.selenium.remote.http.W3CHttpResponseCodec.decode(W3CHttpResponseCodec.java:49)
at org.openqa.selenium.remote.HttpCommandExecutor.execute(HttpCommandExecutor.java:158)
at org.openqa.selenium.remote.service.DriverCommandExecutor.execute(DriverCommandExecutor.java:83)
at org.openqa.selenium.remote.RemoteWebDriver.execute(RemoteWebDriver.java:552)
at org.openqa.selenium.remote.RemoteWebDriver.findElement(RemoteWebDriver.java:323)
at org.openqa.selenium.remote.RemoteWebDriver.findElementByXPath(RemoteWebDriver.java:428)
at org.openqa.selenium.By$ByXPath.findElement(By.java:353)
at org.openqa.selenium.remote.RemoteWebDriver.findElement(RemoteWebDriver.java:315)
at org.openqa.selenium.support.ui.ExpectedConditions$7.apply(ExpectedConditions.java:205)
at org.openqa.selenium.support.ui.ExpectedConditions$7.apply(ExpectedConditions.java:201)
at org.openqa.selenium.support.ui.FluentWait.until(FluentWait.java:249)
at com.uitesting.util.PageUtil.explicitlyWait(PageUtil.java:79)
at com.uitesting.pages.AdminBookingsPage.clickOnDahboard(AdminBookingsPage.java:104)
at com.uitesting.stepdefintions.AdminTestSteps.the_count_on_booking_status_pending_is_less_by_one_compare_with_previous_count(AdminTestSteps.java:147)
at java.base/jdk.internal.reflect.NativeMethodAccessorImpl.invoke0(Native Method)
at java.base/jdk.internal.reflect.NativeMethodAccessorImpl.invoke(NativeMethodAccessorImpl.java:77)
at java.base/jdk.internal.reflect.DelegatingMethodAccessorImpl.invoke(DelegatingMethodAccessorImpl.java:43)
at java.base/java.lang.reflect.Method.invoke(Method.java:568)
at io.cucumber.java.Invoker.invoke(Invoker.java:27)
at io.cucumber.java.JavaStepDefinition.execute(JavaStepDefinition.java:27)
at io.cucumber.core.runner.PickleStepDefinitionMatch.runStep(PickleStepDefinitionMatch.java:63)
at io.cucumber.core.runner.TestStep.executeStep(TestStep.java:64)
at io.cucumber.core.runner.TestStep.run(TestStep.java:49)
at io.cucumber.core.runner.PickleStepTestStep.run(PickleStepTestStep.java:46)
at io.cucumber.core.runner.TestCase.run(TestCase.java:51)
at io.cucumber.core.runner.Runner.runPickle(Runner.java:67)
at io.cucumber.testng.TestNGCucumberRunner.runScenario(TestNGCucumberRunner.java:124)
at io.cucumber.testng.AbstractTestNGCucumberTests.runScenario(AbstractTestNGCucumberTests.java:29)
at java.base/jdk.internal.reflect.NativeMethodAccessorImpl.invoke0(Native Method)
at java.base/jdk.internal.reflect.NativeMethodAccessorImpl.invoke(NativeMethodAccessorImpl.java:77)
at java.base/jdk.internal.reflect.DelegatingMethodAccessorImpl.invoke(DelegatingMethodAccessorImpl.java:43)
at java.base/java.lang.reflect.Method.invoke(Method.java:568)
at org.testng.internal.MethodInvocationHelper.invokeMethod(MethodInvocationHelper.java:134)
at org.testng.internal.TestInvoker.invokeMethod(TestInvoker.java:597)
at org.testng.internal.TestInvoker.invokeTestMethod(TestInvoker.java:173)
at org.testng.internal.MethodRunner.runInSequence(MethodRunner.java:46)
at org.testng.internal.TestInvoker$MethodInvocationAgent.invoke(TestInvoker.java:816)
at org.testng.internal.TestInvoker.invokeTestMethods(TestInvoker.java:146)
at org.testng.internal.TestMethodWorker.invokeTestMethods(TestMethodWorker.java:146)
at org.testng.internal.TestMethodWorker.run(TestMethodWorker.java:128)
at java.base/java.util.ArrayList.forEach(ArrayList.java:1511)
at org.testng.TestRunner.privateRun(TestRunner.java:766)
at org.testng.TestRunner.run(TestRunner.java:587)
at org.testng.SuiteRunner.runTest(SuiteRunner.java:384)
at org.testng.SuiteRunner.runSequentially(SuiteRunner.java:378)
at org.testng.SuiteRunner.privateRun(SuiteRunner.java:337)
at org.testng.SuiteRunner.run(SuiteRunner.java:286)
at org.testng.SuiteRunnerWorker.runSuite(SuiteRunnerWorker.java:53)
at org.testng.SuiteRunnerWorker.run(SuiteRunnerWorker.java:96)
at org.testng.TestNG.runSuitesSequentially(TestNG.java:1187)
at org.testng.TestNG.runSuitesLocally(TestNG.java:1109)
at org.testng.TestNG.runSuites(TestNG.java:1039)
at org.testng.TestNG.run(TestNG.java:1007)
at org.testng.remote.AbstractRemoteTestNG.run(AbstractRemoteTestNG.java:115)
at org.testng.remote.RemoteTestNG.initAndRun(RemoteTestNG.java:251)
at org.testng.remote.RemoteTestNG.main(RemoteTestNG.java:77)
]]>
            </full-stacktrace>
          </exception> <!-- org.openqa.selenium.TimeoutException -->
          <reporter-output>
          </reporter-output>
        </test-method> <!-- runScenario -->
        <test-method signature="runScenario(io.cucumber.testng.PickleWrapper, io.cucumber.testng.FeatureWrapper)[pri:0, instance:com.uitesting.runner.TestRunner@2a54a73f]" started-at="2022-05-05T15:48:06 IST" name="runScenario" description="Runs Cucumber Scenarios" data-provider="scenarios" finished-at="2022-05-05T15:48:35 IST" duration-ms="29143" status="PASS">
          <params>
            <param index="0">
              <value>
                <![CDATA["Successful Payment"]]>
              </value>
            </param>
            <param index="1">
              <value>
                <![CDATA["Admin Back End"]]>
              </value>
            </param>
          </params>
          <reporter-output>
          </reporter-output>
        </test-method> <!-- runScenario -->
        <test-method signature="runScenario(io.cucumber.testng.PickleWrapper, io.cucumber.testng.FeatureWrapper)[pri:0, instance:com.uitesting.runner.TestRunner@2a54a73f]" started-at="2022-05-05T15:48:35 IST" name="runScenario" description="Runs Cucumber Scenarios" data-provider="scenarios" finished-at="2022-05-05T15:49:04 IST" duration-ms="29314" status="FAIL">
          <params>
            <param index="0">
              <value>
                <![CDATA["Delete Bookings With Booking Status Cancelled"]]>
              </value>
            </param>
            <param index="1">
              <value>
                <![CDATA["Admin Back End"]]>
              </value>
            </param>
          </params>
          <exception class="org.openqa.selenium.NoAlertPresentException">
            <message>
              <![CDATA[no such alert
  (Session info: chrome=100.0.4896.127)
Build info: version: '3.141.59', revision: 'e82be7d358', time: '2018-11-14T08:17:03'
System info: host: 'DESKTOP-P2B97J9', ip: '192.168.1.14', os.name: 'Windows 10', os.arch: 'amd64', os.version: '10.0', java.version: '17.0.2'
Driver info: org.openqa.selenium.chrome.ChromeDriver
Capabilities {acceptInsecureCerts: false, browserName: chrome, browserVersion: 100.0.4896.127, chrome: {chromedriverVersion: 100.0.4896.60 (6a5d10861ce8..., userDataDir: C:\Users\DELL\AppData\Local...}, goog:chromeOptions: {debuggerAddress: localhost:59838}, javascriptEnabled: true, networkConnectionEnabled: false, pageLoadStrategy: normal, platform: WINDOWS, platformName: WINDOWS, proxy: Proxy(), setWindowRect: true, strictFileInteractability: false, timeouts: {implicit: 0, pageLoad: 300000, script: 30000}, unhandledPromptBehavior: dismiss and notify, webauthn:extension:credBlob: true, webauthn:extension:largeBlob: true, webauthn:virtualAuthenticators: true}
Session ID: 8d2710aa5c7a883bcd91b13101dfeacd]]>
            </message>
            <full-stacktrace>
              <![CDATA[org.openqa.selenium.NoAlertPresentException: no such alert
  (Session info: chrome=100.0.4896.127)
Build info: version: '3.141.59', revision: 'e82be7d358', time: '2018-11-14T08:17:03'
System info: host: 'DESKTOP-P2B97J9', ip: '192.168.1.14', os.name: 'Windows 10', os.arch: 'amd64', os.version: '10.0', java.version: '17.0.2'
Driver info: org.openqa.selenium.chrome.ChromeDriver
Capabilities {acceptInsecureCerts: false, browserName: chrome, browserVersion: 100.0.4896.127, chrome: {chromedriverVersion: 100.0.4896.60 (6a5d10861ce8..., userDataDir: C:\Users\DELL\AppData\Local...}, goog:chromeOptions: {debuggerAddress: localhost:59838}, javascriptEnabled: true, networkConnectionEnabled: false, pageLoadStrategy: normal, platform: WINDOWS, platformName: WINDOWS, proxy: Proxy(), setWindowRect: true, strictFileInteractability: false, timeouts: {implicit: 0, pageLoad: 300000, script: 30000}, unhandledPromptBehavior: dismiss and notify, webauthn:extension:credBlob: true, webauthn:extension:largeBlob: true, webauthn:virtualAuthenticators: true}
Session ID: 8d2710aa5c7a883bcd91b13101dfeacd
at java.base/jdk.internal.reflect.NativeConstructorAccessorImpl.newInstance0(Native Method)
at java.base/jdk.internal.reflect.NativeConstructorAccessorImpl.newInstance(NativeConstructorAccessorImpl.java:77)
at java.base/jdk.internal.reflect.DelegatingConstructorAccessorImpl.newInstance(DelegatingConstructorAccessorImpl.java:45)
at java.base/java.lang.reflect.Constructor.newInstanceWithCaller(Constructor.java:499)
at java.base/java.lang.reflect.Constructor.newInstance(Constructor.java:480)
at org.openqa.selenium.remote.http.W3CHttpResponseCodec.createException(W3CHttpResponseCodec.java:187)
at org.openqa.selenium.remote.http.W3CHttpResponseCodec.decode(W3CHttpResponseCodec.java:122)
at org.openqa.selenium.remote.http.W3CHttpResponseCodec.decode(W3CHttpResponseCodec.java:49)
at org.openqa.selenium.remote.HttpCommandExecutor.execute(HttpCommandExecutor.java:158)
at org.openqa.selenium.remote.service.DriverCommandExecutor.execute(DriverCommandExecutor.java:83)
at org.openqa.selenium.remote.RemoteWebDriver.execute(RemoteWebDriver.java:552)
at org.openqa.selenium.remote.RemoteWebDriver.execute(RemoteWebDriver.java:609)
at org.openqa.selenium.remote.RemoteWebDriver$RemoteTargetLocator.alert(RemoteWebDriver.java:932)
at com.uitesting.pages.AdminBookingsPage.alert(AdminBookingsPage.java:96)
at com.uitesting.stepdefintions.AdminTestSteps.an_alert_is_open(AdminTestSteps.java:165)
at ✽.an alert is open(file:///D:/eclipse-java-2022-03%20workspace/ui_t5/src/test/resources/features/Admin.feature:139)
]]>
            </full-stacktrace>
          </exception> <!-- org.openqa.selenium.NoAlertPresentException -->
          <reporter-output>
          </reporter-output>
        </test-method> <!-- runScenario -->
        <test-method signature="runScenario(io.cucumber.testng.PickleWrapper, io.cucumber.testng.FeatureWrapper)[pri:0, instance:com.uitesting.runner.TestRunner@2a54a73f]" started-at="2022-05-05T15:49:04 IST" name="runScenario" description="Runs Cucumber Scenarios" data-provider="scenarios" finished-at="2022-05-05T15:49:21 IST" duration-ms="16827" status="PASS">
          <params>
            <param index="0">
              <value>
                <![CDATA["front Login page title"]]>
              </value>
            </param>
            <param index="1">
              <value>
                <![CDATA["Agent Front End"]]>
              </value>
            </param>
          </params>
          <reporter-output>
          </reporter-output>
        </test-method> <!-- runScenario -->
        <test-method signature="runScenario(io.cucumber.testng.PickleWrapper, io.cucumber.testng.FeatureWrapper)[pri:0, instance:com.uitesting.runner.TestRunner@2a54a73f]" started-at="2022-05-05T15:49:21 IST" name="runScenario" description="Runs Cucumber Scenarios" data-provider="scenarios" finished-at="2022-05-05T15:49:37 IST" duration-ms="15821" status="PASS">
          <params>
            <param index="0">
              <value>
                <![CDATA["invalid login"]]>
              </value>
            </param>
            <param index="1">
              <value>
                <![CDATA["Agent Front End"]]>
              </value>
            </param>
          </params>
          <reporter-output>
          </reporter-output>
        </test-method> <!-- runScenario -->
        <test-method signature="runScenario(io.cucumber.testng.PickleWrapper, io.cucumber.testng.FeatureWrapper)[pri:0, instance:com.uitesting.runner.TestRunner@2a54a73f]" started-at="2022-05-05T15:49:37 IST" name="runScenario" description="Runs Cucumber Scenarios" data-provider="scenarios" finished-at="2022-05-05T15:49:55 IST" duration-ms="18436" status="PASS">
          <params>
            <param index="0">
              <value>
                <![CDATA["valid login"]]>
              </value>
            </param>
            <param index="1">
              <value>
                <![CDATA["Agent Front End"]]>
              </value>
            </param>
          </params>
          <reporter-output>
          </reporter-output>
        </test-method> <!-- runScenario -->
        <test-method signature="runScenario(io.cucumber.testng.PickleWrapper, io.cucumber.testng.FeatureWrapper)[pri:0, instance:com.uitesting.runner.TestRunner@2a54a73f]" started-at="2022-05-05T15:49:55 IST" name="runScenario" description="Runs Cucumber Scenarios" data-provider="scenarios" finished-at="2022-05-05T15:50:17 IST" duration-ms="21955" status="PASS">
          <params>
            <param index="0">
              <value>
                <![CDATA["My Bookings"]]>
              </value>
            </param>
            <param index="1">
              <value>
                <![CDATA["Agent Front End"]]>
              </value>
            </param>
          </params>
          <reporter-output>
          </reporter-output>
        </test-method> <!-- runScenario -->
        <test-method signature="runScenario(io.cucumber.testng.PickleWrapper, io.cucumber.testng.FeatureWrapper)[pri:0, instance:com.uitesting.runner.TestRunner@2a54a73f]" started-at="2022-05-05T15:50:17 IST" name="runScenario" description="Runs Cucumber Scenarios" data-provider="scenarios" finished-at="2022-05-05T15:50:41 IST" duration-ms="24400" status="PASS">
          <params>
            <param index="0">
              <value>
                <![CDATA["Add Funds"]]>
              </value>
            </param>
            <param index="1">
              <value>
                <![CDATA["Agent Front End"]]>
              </value>
            </param>
          </params>
          <reporter-output>
          </reporter-output>
        </test-method> <!-- runScenario -->
        <test-method signature="runScenario(io.cucumber.testng.PickleWrapper, io.cucumber.testng.FeatureWrapper)[pri:0, instance:com.uitesting.runner.TestRunner@2a54a73f]" started-at="2022-05-05T15:50:41 IST" name="runScenario" description="Runs Cucumber Scenarios" data-provider="scenarios" finished-at="2022-05-05T15:51:10 IST" duration-ms="28032" status="PASS">
          <params>
            <param index="0">
              <value>
                <![CDATA["My Profile"]]>
              </value>
            </param>
            <param index="1">
              <value>
                <![CDATA["Agent Front End"]]>
              </value>
            </param>
          </params>
          <reporter-output>
          </reporter-output>
        </test-method> <!-- runScenario -->
        <test-method signature="runScenario(io.cucumber.testng.PickleWrapper, io.cucumber.testng.FeatureWrapper)[pri:0, instance:com.uitesting.runner.TestRunner@2a54a73f]" started-at="2022-05-05T15:51:10 IST" name="runScenario" description="Runs Cucumber Scenarios" data-provider="scenarios" finished-at="2022-05-05T15:51:34 IST" duration-ms="24125" status="PASS">
          <params>
            <param index="0">
              <value>
                <![CDATA["Logout"]]>
              </value>
            </param>
            <param index="1">
              <value>
                <![CDATA["Agent Front End"]]>
              </value>
            </param>
          </params>
          <reporter-output>
          </reporter-output>
        </test-method> <!-- runScenario -->
        <test-method signature="runScenario(io.cucumber.testng.PickleWrapper, io.cucumber.testng.FeatureWrapper)[pri:0, instance:com.uitesting.runner.TestRunner@2a54a73f]" started-at="2022-05-05T15:51:34 IST" name="runScenario" description="Runs Cucumber Scenarios" data-provider="scenarios" finished-at="2022-05-05T15:52:05 IST" duration-ms="31084" status="PASS">
          <params>
            <param index="0">
              <value>
                <![CDATA["Home Link"]]>
              </value>
            </param>
            <param index="1">
              <value>
                <![CDATA["Agent Front End"]]>
              </value>
            </param>
          </params>
          <reporter-output>
          </reporter-output>
        </test-method> <!-- runScenario -->
        <test-method signature="runScenario(io.cucumber.testng.PickleWrapper, io.cucumber.testng.FeatureWrapper)[pri:0, instance:com.uitesting.runner.TestRunner@2a54a73f]" started-at="2022-05-05T15:52:05 IST" name="runScenario" description="Runs Cucumber Scenarios" data-provider="scenarios" finished-at="2022-05-05T15:52:31 IST" duration-ms="26388" status="PASS">
          <params>
            <param index="0">
              <value>
                <![CDATA["Hotel Link"]]>
              </value>
            </param>
            <param index="1">
              <value>
                <![CDATA["Agent Front End"]]>
              </value>
            </param>
          </params>
          <reporter-output>
          </reporter-output>
        </test-method> <!-- runScenario -->
        <test-method signature="runScenario(io.cucumber.testng.PickleWrapper, io.cucumber.testng.FeatureWrapper)[pri:0, instance:com.uitesting.runner.TestRunner@2a54a73f]" started-at="2022-05-05T15:52:31 IST" name="runScenario" description="Runs Cucumber Scenarios" data-provider="scenarios" finished-at="2022-05-05T15:52:59 IST" duration-ms="27463" status="PASS">
          <params>
            <param index="0">
              <value>
                <![CDATA["Flights Link"]]>
              </value>
            </param>
            <param index="1">
              <value>
                <![CDATA["Agent Front End"]]>
              </value>
            </param>
          </params>
          <reporter-output>
          </reporter-output>
        </test-method> <!-- runScenario -->
        <test-method signature="runScenario(io.cucumber.testng.PickleWrapper, io.cucumber.testng.FeatureWrapper)[pri:0, instance:com.uitesting.runner.TestRunner@2a54a73f]" started-at="2022-05-05T15:52:59 IST" name="runScenario" description="Runs Cucumber Scenarios" data-provider="scenarios" finished-at="2022-05-05T15:53:18 IST" duration-ms="19878" status="PASS">
          <params>
            <param index="0">
              <value>
                <![CDATA["Tours Link"]]>
              </value>
            </param>
            <param index="1">
              <value>
                <![CDATA["Agent Front End"]]>
              </value>
            </param>
          </params>
          <reporter-output>
          </reporter-output>
        </test-method> <!-- runScenario -->
        <test-method signature="runScenario(io.cucumber.testng.PickleWrapper, io.cucumber.testng.FeatureWrapper)[pri:0, instance:com.uitesting.runner.TestRunner@2a54a73f]" started-at="2022-05-05T15:53:18 IST" name="runScenario" description="Runs Cucumber Scenarios" data-provider="scenarios" finished-at="2022-05-05T15:53:36 IST" duration-ms="17978" status="PASS">
          <params>
            <param index="0">
              <value>
                <![CDATA["Visa Link"]]>
              </value>
            </param>
            <param index="1">
              <value>
                <![CDATA["Agent Front End"]]>
              </value>
            </param>
          </params>
          <reporter-output>
          </reporter-output>
        </test-method> <!-- runScenario -->
        <test-method signature="runScenario(io.cucumber.testng.PickleWrapper, io.cucumber.testng.FeatureWrapper)[pri:0, instance:com.uitesting.runner.TestRunner@2a54a73f]" started-at="2022-05-05T15:53:36 IST" name="runScenario" description="Runs Cucumber Scenarios" data-provider="scenarios" finished-at="2022-05-05T15:53:54 IST" duration-ms="17409" status="PASS">
          <params>
            <param index="0">
              <value>
                <![CDATA["Blog Link"]]>
              </value>
            </param>
            <param index="1">
              <value>
                <![CDATA["Agent Front End"]]>
              </value>
            </param>
          </params>
          <reporter-output>
          </reporter-output>
        </test-method> <!-- runScenario -->
        <test-method signature="runScenario(io.cucumber.testng.PickleWrapper, io.cucumber.testng.FeatureWrapper)[pri:0, instance:com.uitesting.runner.TestRunner@2a54a73f]" started-at="2022-05-05T15:53:54 IST" name="runScenario" description="Runs Cucumber Scenarios" data-provider="scenarios" finished-at="2022-05-05T15:54:10 IST" duration-ms="16426" status="PASS">
          <params>
            <param index="0">
              <value>
                <![CDATA["Offers Link"]]>
              </value>
            </param>
            <param index="1">
              <value>
                <![CDATA["Agent Front End"]]>
              </value>
            </param>
          </params>
          <reporter-output>
          </reporter-output>
        </test-method> <!-- runScenario -->
        <test-method signature="runScenario(io.cucumber.testng.PickleWrapper, io.cucumber.testng.FeatureWrapper)[pri:0, instance:com.uitesting.runner.TestRunner@2a54a73f]" started-at="2022-05-05T15:54:10 IST" name="runScenario" description="Runs Cucumber Scenarios" data-provider="scenarios" finished-at="2022-05-05T15:54:33 IST" duration-ms="22903" status="PASS">
          <params>
            <param index="0">
              <value>
                <![CDATA["Dropdown currency"]]>
              </value>
            </param>
            <param index="1">
              <value>
                <![CDATA["Agent Front End"]]>
              </value>
            </param>
          </params>
          <reporter-output>
          </reporter-output>
        </test-method> <!-- runScenario -->
        <test-method signature="runScenario(io.cucumber.testng.PickleWrapper, io.cucumber.testng.FeatureWrapper)[pri:0, instance:com.uitesting.runner.TestRunner@2a54a73f]" started-at="2022-05-05T15:54:33 IST" name="runScenario" description="Runs Cucumber Scenarios" data-provider="scenarios" finished-at="2022-05-05T15:54:53 IST" duration-ms="20153" status="PASS">
          <params>
            <param index="0">
              <value>
                <![CDATA["Back to Home page"]]>
              </value>
            </param>
            <param index="1">
              <value>
                <![CDATA["Agent Front End"]]>
              </value>
            </param>
          </params>
          <reporter-output>
          </reporter-output>
        </test-method> <!-- runScenario -->
        <test-method signature="runScenario(io.cucumber.testng.PickleWrapper, io.cucumber.testng.FeatureWrapper)[pri:0, instance:com.uitesting.runner.TestRunner@2a54a73f]" started-at="2022-05-05T15:54:53 IST" name="runScenario" description="Runs Cucumber Scenarios" data-provider="scenarios" finished-at="2022-05-05T15:55:20 IST" duration-ms="26541" status="PASS">
          <params>
            <param index="0">
              <value>
                <![CDATA["Hotel search by city"]]>
              </value>
            </param>
            <param index="1">
              <value>
                <![CDATA["Agent Front End"]]>
              </value>
            </param>
          </params>
          <reporter-output>
          </reporter-output>
        </test-method> <!-- runScenario -->
        <test-method signature="runScenario(io.cucumber.testng.PickleWrapper, io.cucumber.testng.FeatureWrapper)[pri:0, instance:com.uitesting.runner.TestRunner@2a54a73f]" started-at="2022-05-05T15:55:20 IST" name="runScenario" description="Runs Cucumber Scenarios" data-provider="scenarios" finished-at="2022-05-05T15:55:33 IST" duration-ms="13222" status="PASS">
          <params>
            <param index="0">
              <value>
                <![CDATA["front Login page title"]]>
              </value>
            </param>
            <param index="1">
              <value>
                <![CDATA["Customer Front End"]]>
              </value>
            </param>
          </params>
          <reporter-output>
          </reporter-output>
        </test-method> <!-- runScenario -->
        <test-method signature="runScenario(io.cucumber.testng.PickleWrapper, io.cucumber.testng.FeatureWrapper)[pri:0, instance:com.uitesting.runner.TestRunner@2a54a73f]" started-at="2022-05-05T15:55:33 IST" name="runScenario" description="Runs Cucumber Scenarios" data-provider="scenarios" finished-at="2022-05-05T15:55:47 IST" duration-ms="14150" status="PASS">
          <params>
            <param index="0">
              <value>
                <![CDATA["invalid login"]]>
              </value>
            </param>
            <param index="1">
              <value>
                <![CDATA["Customer Front End"]]>
              </value>
            </param>
          </params>
          <reporter-output>
          </reporter-output>
        </test-method> <!-- runScenario -->
        <test-method signature="runScenario(io.cucumber.testng.PickleWrapper, io.cucumber.testng.FeatureWrapper)[pri:0, instance:com.uitesting.runner.TestRunner@2a54a73f]" started-at="2022-05-05T15:55:47 IST" name="runScenario" description="Runs Cucumber Scenarios" data-provider="scenarios" finished-at="2022-05-05T15:56:03 IST" duration-ms="15651" status="PASS">
          <params>
            <param index="0">
              <value>
                <![CDATA["valid login"]]>
              </value>
            </param>
            <param index="1">
              <value>
                <![CDATA["Customer Front End"]]>
              </value>
            </param>
          </params>
          <reporter-output>
          </reporter-output>
        </test-method> <!-- runScenario -->
        <test-method signature="runScenario(io.cucumber.testng.PickleWrapper, io.cucumber.testng.FeatureWrapper)[pri:0, instance:com.uitesting.runner.TestRunner@2a54a73f]" started-at="2022-05-05T15:56:03 IST" name="runScenario" description="Runs Cucumber Scenarios" data-provider="scenarios" finished-at="2022-05-05T15:56:19 IST" duration-ms="16399" status="PASS">
          <params>
            <param index="0">
              <value>
                <![CDATA["My Bookings"]]>
              </value>
            </param>
            <param index="1">
              <value>
                <![CDATA["Customer Front End"]]>
              </value>
            </param>
          </params>
          <reporter-output>
          </reporter-output>
        </test-method> <!-- runScenario -->
        <test-method signature="runScenario(io.cucumber.testng.PickleWrapper, io.cucumber.testng.FeatureWrapper)[pri:0, instance:com.uitesting.runner.TestRunner@2a54a73f]" started-at="2022-05-05T15:56:19 IST" name="runScenario" description="Runs Cucumber Scenarios" data-provider="scenarios" finished-at="2022-05-05T15:56:40 IST" duration-ms="20198" status="PASS">
          <params>
            <param index="0">
              <value>
                <![CDATA["Add Funds"]]>
              </value>
            </param>
            <param index="1">
              <value>
                <![CDATA["Customer Front End"]]>
              </value>
            </param>
          </params>
          <reporter-output>
          </reporter-output>
        </test-method> <!-- runScenario -->
        <test-method signature="runScenario(io.cucumber.testng.PickleWrapper, io.cucumber.testng.FeatureWrapper)[pri:0, instance:com.uitesting.runner.TestRunner@2a54a73f]" started-at="2022-05-05T15:56:40 IST" name="runScenario" description="Runs Cucumber Scenarios" data-provider="scenarios" finished-at="2022-05-05T15:57:15 IST" duration-ms="35892" status="PASS">
          <params>
            <param index="0">
              <value>
                <![CDATA["My Profile"]]>
              </value>
            </param>
            <param index="1">
              <value>
                <![CDATA["Customer Front End"]]>
              </value>
            </param>
          </params>
          <reporter-output>
          </reporter-output>
        </test-method> <!-- runScenario -->
        <test-method signature="runScenario(io.cucumber.testng.PickleWrapper, io.cucumber.testng.FeatureWrapper)[pri:0, instance:com.uitesting.runner.TestRunner@2a54a73f]" started-at="2022-05-05T15:57:15 IST" name="runScenario" description="Runs Cucumber Scenarios" data-provider="scenarios" finished-at="2022-05-05T15:57:36 IST" duration-ms="20120" status="PASS">
          <params>
            <param index="0">
              <value>
                <![CDATA["Logout"]]>
              </value>
            </param>
            <param index="1">
              <value>
                <![CDATA["Customer Front End"]]>
              </value>
            </param>
          </params>
          <reporter-output>
          </reporter-output>
        </test-method> <!-- runScenario -->
        <test-method signature="runScenario(io.cucumber.testng.PickleWrapper, io.cucumber.testng.FeatureWrapper)[pri:0, instance:com.uitesting.runner.TestRunner@2a54a73f]" started-at="2022-05-05T15:57:36 IST" name="runScenario" description="Runs Cucumber Scenarios" data-provider="scenarios" finished-at="2022-05-05T15:58:01 IST" duration-ms="25861" status="PASS">
          <params>
            <param index="0">
              <value>
                <![CDATA["View Voucher"]]>
              </value>
            </param>
            <param index="1">
              <value>
                <![CDATA["Customer Front End"]]>
              </value>
            </param>
          </params>
          <reporter-output>
          </reporter-output>
        </test-method> <!-- runScenario -->
        <test-method signature="runScenario(io.cucumber.testng.PickleWrapper, io.cucumber.testng.FeatureWrapper)[pri:0, instance:com.uitesting.runner.TestRunner@2a54a73f]" started-at="2022-05-05T15:58:01 IST" name="runScenario" description="Runs Cucumber Scenarios" data-provider="scenarios" finished-at="2022-05-05T15:58:28 IST" duration-ms="26588" status="PASS">
          <params>
            <param index="0">
              <value>
                <![CDATA["Payment"]]>
              </value>
            </param>
            <param index="1">
              <value>
                <![CDATA["Customer Front End"]]>
              </value>
            </param>
          </params>
          <reporter-output>
          </reporter-output>
        </test-method> <!-- runScenario -->
        <test-method signature="runScenario(io.cucumber.testng.PickleWrapper, io.cucumber.testng.FeatureWrapper)[pri:0, instance:com.uitesting.runner.TestRunner@2a54a73f]" started-at="2022-05-05T15:58:28 IST" name="runScenario" description="Runs Cucumber Scenarios" data-provider="scenarios" finished-at="2022-05-05T15:58:49 IST" duration-ms="21421" status="PASS">
          <params>
            <param index="0">
              <value>
                <![CDATA["Address field update in profile"]]>
              </value>
            </param>
            <param index="1">
              <value>
                <![CDATA["Customer Front End"]]>
              </value>
            </param>
          </params>
          <reporter-output>
          </reporter-output>
        </test-method> <!-- runScenario -->
        <test-method signature="runScenario(io.cucumber.testng.PickleWrapper, io.cucumber.testng.FeatureWrapper)[pri:0, instance:com.uitesting.runner.TestRunner@2a54a73f]" started-at="2022-05-05T15:58:49 IST" name="runScenario" description="Runs Cucumber Scenarios" data-provider="scenarios" finished-at="2022-05-05T15:59:05 IST" duration-ms="16033" status="PASS">
          <params>
            <param index="0">
              <value>
                <![CDATA["Supplier login Page title"]]>
              </value>
            </param>
            <param index="1">
              <value>
                <![CDATA["Supplier Back End"]]>
              </value>
            </param>
          </params>
          <reporter-output>
          </reporter-output>
        </test-method> <!-- runScenario -->
        <test-method signature="runScenario(io.cucumber.testng.PickleWrapper, io.cucumber.testng.FeatureWrapper)[pri:0, instance:com.uitesting.runner.TestRunner@2a54a73f]" started-at="2022-05-05T15:59:05 IST" name="runScenario" description="Runs Cucumber Scenarios" data-provider="scenarios" finished-at="2022-05-05T15:59:21 IST" duration-ms="15063" status="PASS">
          <params>
            <param index="0">
              <value>
                <![CDATA["Supplier invalid login without data"]]>
              </value>
            </param>
            <param index="1">
              <value>
                <![CDATA["Supplier Back End"]]>
              </value>
            </param>
          </params>
          <reporter-output>
          </reporter-output>
        </test-method> <!-- runScenario -->
        <test-method signature="runScenario(io.cucumber.testng.PickleWrapper, io.cucumber.testng.FeatureWrapper)[pri:0, instance:com.uitesting.runner.TestRunner@2a54a73f]" started-at="2022-05-05T15:59:21 IST" name="runScenario" description="Runs Cucumber Scenarios" data-provider="scenarios" finished-at="2022-05-05T15:59:35 IST" duration-ms="14310" status="PASS">
          <params>
            <param index="0">
              <value>
                <![CDATA["Supplier invalid login with password only"]]>
              </value>
            </param>
            <param index="1">
              <value>
                <![CDATA["Supplier Back End"]]>
              </value>
            </param>
          </params>
          <reporter-output>
          </reporter-output>
        </test-method> <!-- runScenario -->
        <test-method signature="runScenario(io.cucumber.testng.PickleWrapper, io.cucumber.testng.FeatureWrapper)[pri:0, instance:com.uitesting.runner.TestRunner@2a54a73f]" started-at="2022-05-05T15:59:35 IST" name="runScenario" description="Runs Cucumber Scenarios" data-provider="scenarios" finished-at="2022-05-05T15:59:50 IST" duration-ms="15556" status="PASS">
          <params>
            <param index="0">
              <value>
                <![CDATA["Supplier invalid login with invalid credential"]]>
              </value>
            </param>
            <param index="1">
              <value>
                <![CDATA["Supplier Back End"]]>
              </value>
            </param>
          </params>
          <reporter-output>
          </reporter-output>
        </test-method> <!-- runScenario -->
        <test-method signature="runScenario(io.cucumber.testng.PickleWrapper, io.cucumber.testng.FeatureWrapper)[pri:0, instance:com.uitesting.runner.TestRunner@2a54a73f]" started-at="2022-05-05T15:59:50 IST" name="runScenario" description="Runs Cucumber Scenarios" data-provider="scenarios" finished-at="2022-05-05T16:00:06 IST" duration-ms="16079" status="PASS">
          <params>
            <param index="0">
              <value>
                <![CDATA["Supplier invalid login with invalid password"]]>
              </value>
            </param>
            <param index="1">
              <value>
                <![CDATA["Supplier Back End"]]>
              </value>
            </param>
          </params>
          <reporter-output>
          </reporter-output>
        </test-method> <!-- runScenario -->
        <test-method signature="runScenario(io.cucumber.testng.PickleWrapper, io.cucumber.testng.FeatureWrapper)[pri:0, instance:com.uitesting.runner.TestRunner@2a54a73f]" started-at="2022-05-05T16:00:06 IST" name="runScenario" description="Runs Cucumber Scenarios" data-provider="scenarios" finished-at="2022-05-05T16:00:24 IST" duration-ms="17454" status="PASS">
          <params>
            <param index="0">
              <value>
                <![CDATA["Supplier valid login"]]>
              </value>
            </param>
            <param index="1">
              <value>
                <![CDATA["Supplier Back End"]]>
              </value>
            </param>
          </params>
          <reporter-output>
          </reporter-output>
        </test-method> <!-- runScenario -->
        <test-method signature="runScenario(io.cucumber.testng.PickleWrapper, io.cucumber.testng.FeatureWrapper)[pri:0, instance:com.uitesting.runner.TestRunner@2a54a73f]" started-at="2022-05-05T16:00:24 IST" name="runScenario" description="Runs Cucumber Scenarios" data-provider="scenarios" finished-at="2022-05-05T16:00:39 IST" duration-ms="15109" status="PASS">
          <params>
            <param index="0">
              <value>
                <![CDATA["Sales overview & summary"]]>
              </value>
            </param>
            <param index="1">
              <value>
                <![CDATA["Supplier Back End"]]>
              </value>
            </param>
          </params>
          <reporter-output>
          </reporter-output>
        </test-method> <!-- runScenario -->
        <test-method signature="runScenario(io.cucumber.testng.PickleWrapper, io.cucumber.testng.FeatureWrapper)[pri:0, instance:com.uitesting.runner.TestRunner@2a54a73f]" started-at="2022-05-05T16:00:39 IST" name="runScenario" description="Runs Cucumber Scenarios" data-provider="scenarios" finished-at="2022-05-05T16:00:54 IST" duration-ms="15105" status="PASS">
          <params>
            <param index="0">
              <value>
                <![CDATA["Revenue Breakdown"]]>
              </value>
            </param>
            <param index="1">
              <value>
                <![CDATA["Supplier Back End"]]>
              </value>
            </param>
          </params>
          <reporter-output>
          </reporter-output>
        </test-method> <!-- runScenario -->
        <test-method signature="runScenario(io.cucumber.testng.PickleWrapper, io.cucumber.testng.FeatureWrapper)[pri:0, instance:com.uitesting.runner.TestRunner@2a54a73f]" started-at="2022-05-05T16:00:54 IST" name="runScenario" description="Runs Cucumber Scenarios" data-provider="scenarios" finished-at="2022-05-05T16:01:12 IST" duration-ms="17924" status="PASS">
          <params>
            <param index="0">
              <value>
                <![CDATA["Manage Tours"]]>
              </value>
            </param>
            <param index="1">
              <value>
                <![CDATA["Supplier Back End"]]>
              </value>
            </param>
          </params>
          <reporter-output>
          </reporter-output>
        </test-method> <!-- runScenario -->
        <test-method signature="runScenario(io.cucumber.testng.PickleWrapper, io.cucumber.testng.FeatureWrapper)[pri:0, instance:com.uitesting.runner.TestRunner@2a54a73f]" started-at="2022-05-05T16:01:12 IST" name="runScenario" description="Runs Cucumber Scenarios" data-provider="scenarios" finished-at="2022-05-05T16:02:19 IST" duration-ms="67205" status="FAIL">
          <params>
            <param index="0">
              <value>
                <![CDATA["Extras"]]>
              </value>
            </param>
            <param index="1">
              <value>
                <![CDATA["Supplier Back End"]]>
              </value>
            </param>
          </params>
          <exception class="org.openqa.selenium.ElementNotInteractableException">
            <message>
              <![CDATA[element not interactable
  (Session info: chrome=100.0.4896.127)
Build info: version: '3.141.59', revision: 'e82be7d358', time: '2018-11-14T08:17:03'
System info: host: 'DESKTOP-P2B97J9', ip: '192.168.1.14', os.name: 'Windows 10', os.arch: 'amd64', os.version: '10.0', java.version: '17.0.2'
Driver info: org.openqa.selenium.chrome.ChromeDriver
Capabilities {acceptInsecureCerts: false, browserName: chrome, browserVersion: 100.0.4896.127, chrome: {chromedriverVersion: 100.0.4896.60 (6a5d10861ce8..., userDataDir: C:\Users\DELL\AppData\Local...}, goog:chromeOptions: {debuggerAddress: localhost:61528}, javascriptEnabled: true, networkConnectionEnabled: false, pageLoadStrategy: normal, platform: WINDOWS, platformName: WINDOWS, proxy: Proxy(), setWindowRect: true, strictFileInteractability: false, timeouts: {implicit: 0, pageLoad: 300000, script: 30000}, unhandledPromptBehavior: dismiss and notify, webauthn:extension:credBlob: true, webauthn:extension:largeBlob: true, webauthn:virtualAuthenticators: true}
Session ID: fffca30bc7851591ddb38787059a88b0]]>
            </message>
            <full-stacktrace>
              <![CDATA[org.openqa.selenium.ElementNotInteractableException: element not interactable
  (Session info: chrome=100.0.4896.127)
Build info: version: '3.141.59', revision: 'e82be7d358', time: '2018-11-14T08:17:03'
System info: host: 'DESKTOP-P2B97J9', ip: '192.168.1.14', os.name: 'Windows 10', os.arch: 'amd64', os.version: '10.0', java.version: '17.0.2'
Driver info: org.openqa.selenium.chrome.ChromeDriver
Capabilities {acceptInsecureCerts: false, browserName: chrome, browserVersion: 100.0.4896.127, chrome: {chromedriverVersion: 100.0.4896.60 (6a5d10861ce8..., userDataDir: C:\Users\DELL\AppData\Local...}, goog:chromeOptions: {debuggerAddress: localhost:61528}, javascriptEnabled: true, networkConnectionEnabled: false, pageLoadStrategy: normal, platform: WINDOWS, platformName: WINDOWS, proxy: Proxy(), setWindowRect: true, strictFileInteractability: false, timeouts: {implicit: 0, pageLoad: 300000, script: 30000}, unhandledPromptBehavior: dismiss and notify, webauthn:extension:credBlob: true, webauthn:extension:largeBlob: true, webauthn:virtualAuthenticators: true}
Session ID: fffca30bc7851591ddb38787059a88b0
at java.base/jdk.internal.reflect.NativeConstructorAccessorImpl.newInstance0(Native Method)
at java.base/jdk.internal.reflect.NativeConstructorAccessorImpl.newInstance(NativeConstructorAccessorImpl.java:77)
at java.base/jdk.internal.reflect.DelegatingConstructorAccessorImpl.newInstance(DelegatingConstructorAccessorImpl.java:45)
at java.base/java.lang.reflect.Constructor.newInstanceWithCaller(Constructor.java:499)
at java.base/java.lang.reflect.Constructor.newInstance(Constructor.java:480)
at org.openqa.selenium.remote.http.W3CHttpResponseCodec.createException(W3CHttpResponseCodec.java:187)
at org.openqa.selenium.remote.http.W3CHttpResponseCodec.decode(W3CHttpResponseCodec.java:122)
at org.openqa.selenium.remote.http.W3CHttpResponseCodec.decode(W3CHttpResponseCodec.java:49)
at org.openqa.selenium.remote.HttpCommandExecutor.execute(HttpCommandExecutor.java:158)
at org.openqa.selenium.remote.service.DriverCommandExecutor.execute(DriverCommandExecutor.java:83)
at org.openqa.selenium.remote.RemoteWebDriver.execute(RemoteWebDriver.java:552)
at org.openqa.selenium.remote.RemoteWebElement.execute(RemoteWebElement.java:285)
at org.openqa.selenium.remote.RemoteWebElement.click(RemoteWebElement.java:84)
at com.uitesting.pages.SupplierDashboardPage.clickOnElement(SupplierDashboardPage.java:63)
at com.uitesting.stepdefintions.SupplierTestSteps.supplier_click_on_Extras(SupplierTestSteps.java:139)
at ✽.supplier click on Extras 'Extras'(file:///D:/eclipse-java-2022-03%20workspace/ui_t5/src/test/resources/features/Supplier.feature:106)
]]>
            </full-stacktrace>
          </exception> <!-- org.openqa.selenium.ElementNotInteractableException -->
          <reporter-output>
          </reporter-output>
        </test-method> <!-- runScenario -->
        <test-method signature="runScenario(io.cucumber.testng.PickleWrapper, io.cucumber.testng.FeatureWrapper)[pri:0, instance:com.uitesting.runner.TestRunner@2a54a73f]" started-at="2022-05-05T16:02:19 IST" name="runScenario" description="Runs Cucumber Scenarios" data-provider="scenarios" finished-at="2022-05-05T16:02:39 IST" duration-ms="20119" status="FAIL">
          <params>
            <param index="0">
              <value>
                <![CDATA["Bookings"]]>
              </value>
            </param>
            <param index="1">
              <value>
                <![CDATA["Supplier Back End"]]>
              </value>
            </param>
          </params>
          <exception class="java.lang.AssertionError">
            <message>
              <![CDATA[expected [https://www.phptravels.net/api/supplier/bookings] but found [Error]]]>
            </message>
            <full-stacktrace>
              <![CDATA[java.lang.AssertionError: expected [https://www.phptravels.net/api/supplier/bookings] but found [Error]
at org.testng.Assert.fail(Assert.java:97)
at org.testng.Assert.assertEqualsImpl(Assert.java:136)
at org.testng.Assert.assertEquals(Assert.java:118)
at org.testng.Assert.assertEquals(Assert.java:575)
at org.testng.Assert.assertEquals(Assert.java:585)
at com.uitesting.stepdefintions.SupplierTestSteps.supplier_should_redirect_to_the_Bookings_page_with_url(SupplierTestSteps.java:155)
at ✽.supplier should redirect to the Bookings page with url 'https://www.phptravels.net/api/supplier/bookings'(file:///D:/eclipse-java-2022-03%20workspace/ui_t5/src/test/resources/features/Supplier.feature:119)
]]>
            </full-stacktrace>
          </exception> <!-- java.lang.AssertionError -->
          <reporter-output>
          </reporter-output>
        </test-method> <!-- runScenario -->
        <test-method is-config="true" signature="tearDownClass()[pri:0, instance:com.uitesting.runner.TestRunner@2a54a73f]" started-at="2022-05-05T16:02:39 IST" name="tearDownClass" finished-at="2022-05-05T16:02:39 IST" duration-ms="15" status="PASS">
          <reporter-output>
          </reporter-output>
        </test-method> <!-- tearDownClass -->
      </class> <!-- com.uitesting.runner.TestRunner -->
    </test> <!-- Test -->
  </suite> <!-- Suite -->
</testng-results>
